<?xml version="1.0" encoding="UTF-8"?>
<!-- Generated by org.testng.reporters.JUnitXMLReporter -->
<testsuite ignored="0" hostname="DESKTOP-TJK6BJA" failures="1" tests="1" name="Test" time="15.444" errors="0" timestamp="2020-11-18T14:37:27 EET">
  <testcase classname="SDET.TERKWAZ.TestSearch" name="SearchSelenium" time="5.943">
    <failure type="java.lang.AssertionError" message="expected [true] but found [false]">
      <![CDATA[java.lang.AssertionError: expected [true] but found [false]
at SDET.TERKWAZ.TestSearch.SearchSelenium(TestSearch.java:29)
at java.base/java.util.ArrayList.forEach(ArrayList.java:1510)
... Removed 31 stack frames]]>
    </failure>
  </testcase> <!-- SearchSelenium -->
</testsuite> <!-- Test -->
