<?xml version="1.0" encoding="UTF-8"?>
<!-- Generated by org.testng.reporters.JUnitXMLReporter -->
<testsuite ignored="4" hostname="DESKTOP-TJK6BJA" failures="1" tests="3" name="Test" time="34.297" errors="0" timestamp="2020-11-20T18:16:11 EET">
  <testcase classname="SDET.TERKWAZ.TestSearch" name="SearchSelenium" time="0.047">
    <failure type="java.lang.AssertionError" message="expected [true] but found [false]">
      <![CDATA[java.lang.AssertionError: expected [true] but found [false]
at SDET.TERKWAZ.TestSearch.SearchSelenium(TestSearch.java:32)
at java.base/java.util.ArrayList.forEach(ArrayList.java:1510)
... Removed 31 stack frames]]>
    </failure>
  </testcase> <!-- SearchSelenium -->
  <testcase classname="SDET.TERKWAZ.TestHeroKuapp" name="UploadFileConfirmation" time="4.546"/>
  <testcase classname="SDET.TERKWAZ.TestDynamicLoading" name="waiting" time="6.825"/>
  <testcase classname="SDET.TERKWAZ.TestBase" name="@AfterSuite CloseDriver" time="0.0">
    <ignored/>
  </testcase> <!-- @AfterSuite CloseDriver -->
  <testcase classname="SDET.TERKWAZ.TestBase" name="@AfterSuite CloseDriver" time="0.0">
    <ignored/>
  </testcase> <!-- @AfterSuite CloseDriver -->
  <testcase classname="SDET.TERKWAZ.TestBase" name="@BeforeSuite startDriver" time="0.0">
    <ignored/>
  </testcase> <!-- @BeforeSuite startDriver -->
  <testcase classname="SDET.TERKWAZ.TestBase" name="@BeforeSuite startDriver" time="0.0">
    <ignored/>
  </testcase> <!-- @BeforeSuite startDriver -->
</testsuite> <!-- Test -->
